mode: count
github.com/bitrise-io/stack-service/internal/stack/handler.go:18.50,20.2 1 0
github.com/bitrise-io/stack-service/internal/stack/handler.go:51.56,53.16 2 1
github.com/bitrise-io/stack-service/internal/stack/handler.go:56.2,57.16 2 1
github.com/bitrise-io/stack-service/internal/stack/handler.go:61.2,61.54 1 1
github.com/bitrise-io/stack-service/internal/stack/handler.go:53.16,55.3 1 0
github.com/bitrise-io/stack-service/internal/stack/handler.go:57.16,59.3 1 0
github.com/bitrise-io/stack-service/internal/stack/handler.go:61.54,63.17 2 1
github.com/bitrise-io/stack-service/internal/stack/handler.go:63.17,65.4 1 0
github.com/bitrise-io/stack-service/internal/stack/handler.go:69.60,73.58 4 13
github.com/bitrise-io/stack-service/internal/stack/handler.go:90.2,90.23 1 12
github.com/bitrise-io/stack-service/internal/stack/handler.go:73.58,75.17 2 61
github.com/bitrise-io/stack-service/internal/stack/handler.go:78.3,78.38 1 61
github.com/bitrise-io/stack-service/internal/stack/handler.go:82.3,82.48 1 61
github.com/bitrise-io/stack-service/internal/stack/handler.go:75.17,77.4 1 0
github.com/bitrise-io/stack-service/internal/stack/handler.go:78.38,81.4 1 43
github.com/bitrise-io/stack-service/internal/stack/handler.go:82.48,84.18 2 125
github.com/bitrise-io/stack-service/internal/stack/handler.go:87.4,87.49 1 124
github.com/bitrise-io/stack-service/internal/stack/handler.go:84.18,86.5 1 1
github.com/bitrise-io/stack-service/internal/stack/handler.go:95.68,97.19 2 45
github.com/bitrise-io/stack-service/internal/stack/handler.go:104.2,105.34 2 44
github.com/bitrise-io/stack-service/internal/stack/handler.go:97.19,99.3 1 41
github.com/bitrise-io/stack-service/internal/stack/handler.go:99.8,99.26 1 4
github.com/bitrise-io/stack-service/internal/stack/handler.go:99.26,101.3 1 3
github.com/bitrise-io/stack-service/internal/stack/handler.go:101.8,103.3 1 1
github.com/bitrise-io/stack-service/internal/stack/handler.go:119.103,121.16 2 61
github.com/bitrise-io/stack-service/internal/stack/handler.go:124.2,125.16 2 61
github.com/bitrise-io/stack-service/internal/stack/handler.go:128.2,129.16 2 61
github.com/bitrise-io/stack-service/internal/stack/handler.go:132.2,133.16 2 61
github.com/bitrise-io/stack-service/internal/stack/handler.go:136.2,137.16 2 61
github.com/bitrise-io/stack-service/internal/stack/handler.go:140.2,141.16 2 61
github.com/bitrise-io/stack-service/internal/stack/handler.go:144.2,145.16 2 61
github.com/bitrise-io/stack-service/internal/stack/handler.go:149.2,159.16 2 61
github.com/bitrise-io/stack-service/internal/stack/handler.go:121.16,123.3 1 0
github.com/bitrise-io/stack-service/internal/stack/handler.go:125.16,127.3 1 0
github.com/bitrise-io/stack-service/internal/stack/handler.go:129.16,131.3 1 0
github.com/bitrise-io/stack-service/internal/stack/handler.go:133.16,135.3 1 0
github.com/bitrise-io/stack-service/internal/stack/handler.go:137.16,139.3 1 0
github.com/bitrise-io/stack-service/internal/stack/handler.go:141.16,143.3 1 0
github.com/bitrise-io/stack-service/internal/stack/handler.go:145.16,147.3 1 0
github.com/bitrise-io/stack-service/internal/stack/handler.go:162.77,167.16 4 125
github.com/bitrise-io/stack-service/internal/stack/handler.go:170.2,171.16 2 124
github.com/bitrise-io/stack-service/internal/stack/handler.go:174.2,175.16 2 124
github.com/bitrise-io/stack-service/internal/stack/handler.go:178.2,179.16 2 124
github.com/bitrise-io/stack-service/internal/stack/handler.go:182.2,183.16 2 124
github.com/bitrise-io/stack-service/internal/stack/handler.go:186.2,187.16 2 124
github.com/bitrise-io/stack-service/internal/stack/handler.go:190.2,193.16 3 124
github.com/bitrise-io/stack-service/internal/stack/handler.go:196.2,196.23 1 124
github.com/bitrise-io/stack-service/internal/stack/handler.go:167.16,169.3 1 1
github.com/bitrise-io/stack-service/internal/stack/handler.go:171.16,173.3 1 0
github.com/bitrise-io/stack-service/internal/stack/handler.go:175.16,177.3 1 0
github.com/bitrise-io/stack-service/internal/stack/handler.go:179.16,181.3 1 0
github.com/bitrise-io/stack-service/internal/stack/handler.go:183.16,185.3 1 0
github.com/bitrise-io/stack-service/internal/stack/handler.go:187.16,189.3 1 0
github.com/bitrise-io/stack-service/internal/stack/handler.go:193.16,195.3 1 0
github.com/bitrise-io/stack-service/internal/stack/handler.go:199.103,201.16 2 427
github.com/bitrise-io/stack-service/internal/stack/handler.go:204.2,204.15 1 427
github.com/bitrise-io/stack-service/internal/stack/handler.go:201.16,203.3 1 0
github.com/bitrise-io/stack-service/internal/stack/handler.go:207.100,208.36 1 869
github.com/bitrise-io/stack-service/internal/stack/handler.go:211.2,212.77 2 834
github.com/bitrise-io/stack-service/internal/stack/handler.go:215.2,215.24 1 833
github.com/bitrise-io/stack-service/internal/stack/handler.go:208.36,210.3 1 35
github.com/bitrise-io/stack-service/internal/stack/handler.go:212.77,214.3 1 1
github.com/bitrise-io/stack-service/internal/stack/config.go:36.39,38.2 1 0
github.com/bitrise-io/stack-service/internal/stack/config.go:41.50,43.16 2 3
github.com/bitrise-io/stack-service/internal/stack/config.go:46.2,46.42 1 1
github.com/bitrise-io/stack-service/internal/stack/config.go:49.2,49.20 1 1
github.com/bitrise-io/stack-service/internal/stack/config.go:43.16,45.3 1 2
github.com/bitrise-io/stack-service/internal/stack/config.go:46.42,48.3 1 0
github.com/bitrise-io/stack-service/internal/stack/config.go:52.50,54.16 2 11
github.com/bitrise-io/stack-service/internal/stack/config.go:57.2,58.52 2 10
github.com/bitrise-io/stack-service/internal/stack/config.go:61.2,61.16 1 9
github.com/bitrise-io/stack-service/internal/stack/config.go:54.16,56.3 1 1
github.com/bitrise-io/stack-service/internal/stack/config.go:58.52,60.3 1 1
github.com/bitrise-io/stack-service/internal/stack/config.go:70.40,72.2 1 0
github.com/bitrise-io/stack-service/internal/stack/config.go:74.34,76.16 2 5
github.com/bitrise-io/stack-service/internal/stack/config.go:80.2,80.27 1 4
github.com/bitrise-io/stack-service/internal/stack/config.go:84.2,84.32 1 3
github.com/bitrise-io/stack-service/internal/stack/config.go:88.2,90.24 2 3
github.com/bitrise-io/stack-service/internal/stack/config.go:94.2,94.30 1 2
github.com/bitrise-io/stack-service/internal/stack/config.go:98.2,98.34 1 2
github.com/bitrise-io/stack-service/internal/stack/config.go:102.2,102.40 1 2
github.com/bitrise-io/stack-service/internal/stack/config.go:106.2,106.35 1 2
github.com/bitrise-io/stack-service/internal/stack/config.go:110.2,110.30 1 2
github.com/bitrise-io/stack-service/internal/stack/config.go:114.2,114.12 1 2
github.com/bitrise-io/stack-service/internal/stack/config.go:76.16,78.3 1 1
github.com/bitrise-io/stack-service/internal/stack/config.go:80.27,82.3 1 1
github.com/bitrise-io/stack-service/internal/stack/config.go:84.32,86.3 1 0
github.com/bitrise-io/stack-service/internal/stack/config.go:90.24,92.3 1 1
github.com/bitrise-io/stack-service/internal/stack/config.go:94.30,96.3 1 0
github.com/bitrise-io/stack-service/internal/stack/config.go:98.34,100.3 1 0
github.com/bitrise-io/stack-service/internal/stack/config.go:102.40,104.3 1 0
github.com/bitrise-io/stack-service/internal/stack/config.go:106.35,108.3 1 0
github.com/bitrise-io/stack-service/internal/stack/config.go:110.30,112.3 1 0
